0 info it worked if it ends with ok
1 verbose cli [ '/Users/elijah/.nvm/versions/node/v6.8.0/bin/node',
1 verbose cli   '/Users/elijah/.nvm/versions/node/v6.8.0/bin/npm',
1 verbose cli   'run',
1 verbose cli   'build' ]
2 info using npm@3.10.8
3 info using node@v6.8.0
4 verbose run-script [ 'prebuild', 'build', 'postbuild' ]
5 info lifecycle lendtech-frontend@0.1.0~prebuild: lendtech-frontend@0.1.0
6 silly lifecycle lendtech-frontend@0.1.0~prebuild: no script for prebuild, continuing
7 info lifecycle lendtech-frontend@0.1.0~build: lendtech-frontend@0.1.0
8 verbose lifecycle lendtech-frontend@0.1.0~build: unsafe-perm in lifecycle true
9 verbose lifecycle lendtech-frontend@0.1.0~build: PATH: /Users/elijah/.nvm/versions/node/v6.8.0/lib/node_modules/npm/bin/node-gyp-bin:/Users/elijah/Software_1/interviews/dtone/docker-dependency-services/frontend/node_modules/.bin:/Users/elijah/.nvm/versions/node/v6.8.0/bin:/usr/bin/python3:/usr/local/bin:/usr/bin:/bin:/usr/sbin:/sbin
10 verbose lifecycle lendtech-frontend@0.1.0~build: CWD: /Users/elijah/Software_1/interviews/dtone/docker-dependency-services/frontend
11 silly lifecycle lendtech-frontend@0.1.0~build: Args: [ '-c', 'react-scripts build' ]
12 silly lifecycle lendtech-frontend@0.1.0~build: Returned: code: 1  signal: null
13 info lifecycle lendtech-frontend@0.1.0~build: Failed to exec build script
14 verbose stack Error: lendtech-frontend@0.1.0 build: `react-scripts build`
14 verbose stack Exit status 1
14 verbose stack     at EventEmitter.<anonymous> (/Users/elijah/.nvm/versions/node/v6.8.0/lib/node_modules/npm/lib/utils/lifecycle.js:255:16)
14 verbose stack     at emitTwo (events.js:106:13)
14 verbose stack     at EventEmitter.emit (events.js:191:7)
14 verbose stack     at ChildProcess.<anonymous> (/Users/elijah/.nvm/versions/node/v6.8.0/lib/node_modules/npm/lib/utils/spawn.js:40:14)
14 verbose stack     at emitTwo (events.js:106:13)
14 verbose stack     at ChildProcess.emit (events.js:191:7)
14 verbose stack     at maybeClose (internal/child_process.js:877:16)
14 verbose stack     at Process.ChildProcess._handle.onexit (internal/child_process.js:226:5)
15 verbose pkgid lendtech-frontend@0.1.0
16 verbose cwd /Users/elijah/Software_1/interviews/dtone/docker-dependency-services/frontend
17 error Darwin 21.6.0
18 error argv "/Users/elijah/.nvm/versions/node/v6.8.0/bin/node" "/Users/elijah/.nvm/versions/node/v6.8.0/bin/npm" "run" "build"
19 error node v6.8.0
20 error npm  v3.10.8
21 error code ELIFECYCLE
22 error lendtech-frontend@0.1.0 build: `react-scripts build`
22 error Exit status 1
23 error Failed at the lendtech-frontend@0.1.0 build script 'react-scripts build'.
23 error Make sure you have the latest version of node.js and npm installed.
23 error If you do, this is most likely a problem with the lendtech-frontend package,
23 error not with npm itself.
23 error Tell the author that this fails on your system:
23 error     react-scripts build
23 error You can get information on how to open an issue for this project with:
23 error     npm bugs lendtech-frontend
23 error Or if that isn't available, you can get their info via:
23 error     npm owner ls lendtech-frontend
23 error There is likely additional logging output above.
24 verbose exit [ 1, true ]
